{"/Users/guilhermevarela/Documents/Projetos/Produção/PokerMarketing-Agency/server/lib/api-docs.ts": {"path":"/Users/guilhermevarela/Documents/Projetos/Produção/PokerMarketing-Agency/server/lib/api-docs.ts","statementMap":{"0":{"start":{"line":6,"column":2},"end":{"line":8,"column":null}},"1":{"start":{"line":7,"column":4},"end":{"line":7,"column":null}},"2":{"start":{"line":10,"column":2},"end":{"line":17,"column":null}}},"fnMap":{"0":{"name":"registerApiDocs","decl":{"start":{"line":5,"column":16},"end":{"line":5,"column":32}},"loc":{"start":{"line":5,"column":52},"end":{"line":18,"column":null}},"line":5},"1":{"name":"(anonymous_1)","decl":{"start":{"line":6,"column":31},"end":{"line":6,"column":32}},"loc":{"start":{"line":6,"column":46},"end":{"line":8,"column":3}},"line":6}},"branchMap":{},"s":{"0":2,"1":1,"2":2},"f":{"0":2,"1":1},"b":{},"meta":{"lastBranch":0,"lastFunction":2,"lastStatement":3,"seen":{"f:5:16:5:32":0,"s:6:2:8:Infinity":0,"f:6:31:6:32":1,"s:7:4:7:Infinity":1,"s:10:2:17:Infinity":2}}}
,"/Users/guilhermevarela/Documents/Projetos/Produção/PokerMarketing-Agency/server/lib/response-middleware.ts": {"path":"/Users/guilhermevarela/Documents/Projetos/Produção/PokerMarketing-Agency/server/lib/response-middleware.ts","statementMap":{"0":{"start":{"line":12,"column":20},"end":{"line":12,"column":null}},"1":{"start":{"line":13,"column":2},"end":{"line":15,"column":null}},"2":{"start":{"line":14,"column":4},"end":{"line":14,"column":null}},"3":{"start":{"line":17,"column":2},"end":{"line":19,"column":null}},"4":{"start":{"line":18,"column":4},"end":{"line":18,"column":null}},"5":{"start":{"line":21,"column":2},"end":{"line":21,"column":null}},"6":{"start":{"line":25,"column":2},"end":{"line":71,"column":null}},"7":{"start":{"line":26,"column":20},"end":{"line":26,"column":null}},"8":{"start":{"line":28,"column":4},"end":{"line":33,"column":null}},"9":{"start":{"line":35,"column":4},"end":{"line":41,"column":null}},"10":{"start":{"line":38,"column":29},"end":{"line":39,"column":null}},"11":{"start":{"line":43,"column":4},"end":{"line":48,"column":null}},"12":{"start":{"line":46,"column":14},"end":{"line":46,"column":null}},"13":{"start":{"line":50,"column":4},"end":{"line":68,"column":null}},"14":{"start":{"line":51,"column":6},"end":{"line":53,"column":null}},"15":{"start":{"line":52,"column":8},"end":{"line":52,"column":null}},"16":{"start":{"line":55,"column":6},"end":{"line":60,"column":null}},"17":{"start":{"line":59,"column":8},"end":{"line":59,"column":null}},"18":{"start":{"line":62,"column":24},"end":{"line":62,"column":null}},"19":{"start":{"line":63,"column":31},"end":{"line":65,"column":null}},"20":{"start":{"line":67,"column":6},"end":{"line":67,"column":null}},"21":{"start":{"line":70,"column":4},"end":{"line":70,"column":null}}},"fnMap":{"0":{"name":"getRoutePath","decl":{"start":{"line":11,"column":9},"end":{"line":11,"column":22}},"loc":{"start":{"line":11,"column":60},"end":{"line":22,"column":null}},"line":11},"1":{"name":"createResponseEnvelopeMiddleware","decl":{"start":{"line":24,"column":16},"end":{"line":24,"column":51}},"loc":{"start":{"line":24,"column":51},"end":{"line":72,"column":null}},"line":24},"2":{"name":"(anonymous_2)","decl":{"start":{"line":25,"column":9},"end":{"line":25,"column":10}},"loc":{"start":{"line":25,"column":68},"end":{"line":71,"column":null}},"line":25},"3":{"name":"(anonymous_3)","decl":{"start":{"line":38,"column":13},"end":{"line":38,"column":14}},"loc":{"start":{"line":38,"column":29},"end":{"line":39,"column":null}},"line":38},"4":{"name":"(anonymous_4)","decl":{"start":{"line":46,"column":13},"end":{"line":46,"column":14}},"loc":{"start":{"line":46,"column":14},"end":{"line":46,"column":null}},"line":46},"5":{"name":"(anonymous_5)","decl":{"start":{"line":50,"column":16},"end":{"line":50,"column":17}},"loc":{"start":{"line":50,"column":38},"end":{"line":68,"column":null}},"line":50}},"branchMap":{"0":{"loc":{"start":{"line":13,"column":2},"end":{"line":15,"column":null}},"type":"if","locations":[{"start":{"line":13,"column":2},"end":{"line":15,"column":null}},{"start":{},"end":{}}],"line":13},"1":{"loc":{"start":{"line":17,"column":2},"end":{"line":19,"column":null}},"type":"if","locations":[{"start":{"line":17,"column":2},"end":{"line":19,"column":null}},{"start":{},"end":{}}],"line":17},"2":{"loc":{"start":{"line":17,"column":6},"end":{"line":17,"column":68}},"type":"binary-expr","locations":[{"start":{"line":17,"column":6},"end":{"line":17,"column":34}},{"start":{"line":17,"column":34},"end":{"line":17,"column":68}}],"line":17},"3":{"loc":{"start":{"line":51,"column":6},"end":{"line":53,"column":null}},"type":"if","locations":[{"start":{"line":51,"column":6},"end":{"line":53,"column":null}},{"start":{},"end":{}}],"line":51},"4":{"loc":{"start":{"line":51,"column":10},"end":{"line":51,"column":74}},"type":"binary-expr","locations":[{"start":{"line":51,"column":10},"end":{"line":51,"column":45}},{"start":{"line":51,"column":21},"end":{"line":51,"column":74}}],"line":51},"5":{"loc":{"start":{"line":55,"column":6},"end":{"line":60,"column":null}},"type":"if","locations":[{"start":{"line":55,"column":6},"end":{"line":60,"column":null}},{"start":{},"end":{}}],"line":55},"6":{"loc":{"start":{"line":56,"column":8},"end":{"line":57,"column":null}},"type":"binary-expr","locations":[{"start":{"line":56,"column":8},"end":{"line":56,"column":null}},{"start":{"line":57,"column":9},"end":{"line":57,"column":20}},{"start":{"line":57,"column":20},"end":{"line":57,"column":51}},{"start":{"line":57,"column":51},"end":{"line":57,"column":null}}],"line":56},"7":{"loc":{"start":{"line":63,"column":31},"end":{"line":65,"column":null}},"type":"cond-expr","locations":[{"start":{"line":63,"column":31},"end":{"line":64,"column":null}},{"start":{"line":65,"column":10},"end":{"line":65,"column":null}}],"line":63}},"s":{"0":17,"1":17,"2":17,"3":0,"4":0,"5":0,"6":34,"7":52,"8":52,"9":52,"10":0,"11":52,"12":0,"13":52,"14":48,"15":1,"16":47,"17":30,"18":17,"19":17,"20":48,"21":52},"f":{"0":17,"1":34,"2":52,"3":0,"4":0,"5":48},"b":{"0":[17,0],"1":[0,0],"2":[0,0],"3":[1,47],"4":[48,47],"5":[30,17],"6":[47,17,17,16],"7":[17,0]},"meta":{"lastBranch":8,"lastFunction":6,"lastStatement":22,"seen":{"f:11:9:11:22":0,"s:12:20:12:Infinity":0,"b:13:2:15:Infinity:undefined:undefined:undefined:undefined":0,"s:13:2:15:Infinity":1,"s:14:4:14:Infinity":2,"b:17:2:19:Infinity:undefined:undefined:undefined:undefined":1,"s:17:2:19:Infinity":3,"b:17:6:17:34:17:34:17:68":2,"s:18:4:18:Infinity":4,"s:21:2:21:Infinity":5,"f:24:16:24:51":1,"s:25:2:71:Infinity":6,"f:25:9:25:10":2,"s:26:20:26:Infinity":7,"s:28:4:33:Infinity":8,"s:35:4:41:Infinity":9,"f:38:13:38:14":3,"s:38:29:39:Infinity":10,"s:43:4:48:Infinity":11,"f:46:13:46:14":4,"s:46:14:46:Infinity":12,"s:50:4:68:Infinity":13,"f:50:16:50:17":5,"b:51:6:53:Infinity:undefined:undefined:undefined:undefined":3,"s:51:6:53:Infinity":14,"b:51:10:51:45:51:21:51:74":4,"s:52:8:52:Infinity":15,"b:55:6:60:Infinity:undefined:undefined:undefined:undefined":5,"s:55:6:60:Infinity":16,"b:56:8:56:Infinity:57:9:57:20:57:20:57:51:57:51:57:Infinity":6,"s:59:8:59:Infinity":17,"s:62:24:62:Infinity":18,"s:63:31:65:Infinity":19,"b:63:31:64:Infinity:65:10:65:Infinity":7,"s:67:6:67:Infinity":20,"s:70:4:70:Infinity":21}}}
,"/Users/guilhermevarela/Documents/Projetos/Produção/PokerMarketing-Agency/server/lib/response.ts": {"path":"/Users/guilhermevarela/Documents/Projetos/Produção/PokerMarketing-Agency/server/lib/response.ts","statementMap":{"0":{"start":{"line":33,"column":2},"end":{"line":33,"column":null}},"1":{"start":{"line":37,"column":2},"end":{"line":41,"column":null}},"2":{"start":{"line":46,"column":2},"end":{"line":48,"column":null}},"3":{"start":{"line":47,"column":4},"end":{"line":47,"column":null}},"4":{"start":{"line":50,"column":2},"end":{"line":52,"column":null}},"5":{"start":{"line":51,"column":4},"end":{"line":51,"column":null}},"6":{"start":{"line":54,"column":2},"end":{"line":66,"column":null}},"7":{"start":{"line":55,"column":22},"end":{"line":55,"column":null}},"8":{"start":{"line":56,"column":4},"end":{"line":65,"column":null}},"9":{"start":{"line":68,"column":2},"end":{"line":103,"column":null}},"10":{"start":{"line":69,"column":4},"end":{"line":71,"column":null}},"11":{"start":{"line":70,"column":6},"end":{"line":70,"column":null}},"12":{"start":{"line":73,"column":21},"end":{"line":73,"column":null}},"13":{"start":{"line":75,"column":4},"end":{"line":93,"column":null}},"14":{"start":{"line":76,"column":6},"end":{"line":81,"column":null}},"15":{"start":{"line":77,"column":8},"end":{"line":80,"column":null}},"16":{"start":{"line":83,"column":6},"end":{"line":92,"column":null}},"17":{"start":{"line":84,"column":28},"end":{"line":84,"column":null}},"18":{"start":{"line":85,"column":8},"end":{"line":91,"column":null}},"19":{"start":{"line":96,"column":23},"end":{"line":96,"column":null}},"20":{"start":{"line":97,"column":4},"end":{"line":102,"column":null}},"21":{"start":{"line":105,"column":2},"end":{"line":105,"column":null}},"22":{"start":{"line":117,"column":39},"end":{"line":121,"column":null}},"23":{"start":{"line":123,"column":17},"end":{"line":123,"column":null}},"24":{"start":{"line":124,"column":2},"end":{"line":127,"column":null}},"25":{"start":{"line":125,"column":4},"end":{"line":125,"column":null}},"26":{"start":{"line":126,"column":4},"end":{"line":126,"column":null}},"27":{"start":{"line":129,"column":2},"end":{"line":129,"column":null}},"28":{"start":{"line":133,"column":42},"end":{"line":137,"column":null}},"29":{"start":{"line":139,"column":17},"end":{"line":139,"column":null}},"30":{"start":{"line":140,"column":2},"end":{"line":143,"column":null}},"31":{"start":{"line":141,"column":4},"end":{"line":141,"column":null}},"32":{"start":{"line":142,"column":4},"end":{"line":142,"column":null}},"33":{"start":{"line":145,"column":2},"end":{"line":145,"column":null}}},"fnMap":{"0":{"name":"isPlainObject","decl":{"start":{"line":32,"column":9},"end":{"line":32,"column":23}},"loc":{"start":{"line":32,"column":73},"end":{"line":34,"column":null}},"line":32},"1":{"name":"isResponseEnvelope","decl":{"start":{"line":36,"column":16},"end":{"line":36,"column":35}},"loc":{"start":{"line":36,"column":82},"end":{"line":43,"column":null}},"line":36},"2":{"name":"normalizeError","decl":{"start":{"line":45,"column":9},"end":{"line":45,"column":24}},"loc":{"start":{"line":45,"column":57},"end":{"line":106,"column":null}},"line":45},"3":{"name":"sendSuccess","decl":{"start":{"line":112,"column":16},"end":{"line":112,"column":null}},"loc":{"start":{"line":116,"column":8},"end":{"line":130,"column":null}},"line":116},"4":{"name":"sendError","decl":{"start":{"line":132,"column":16},"end":{"line":132,"column":26}},"loc":{"start":{"line":132,"column":63},"end":{"line":146,"column":null}},"line":132}},"branchMap":{"0":{"loc":{"start":{"line":33,"column":9},"end":{"line":33,"column":null}},"type":"binary-expr","locations":[{"start":{"line":33,"column":9},"end":{"line":33,"column":27}},{"start":{"line":33,"column":27},"end":{"line":33,"column":56}},{"start":{"line":33,"column":56},"end":{"line":33,"column":null}}],"line":33},"1":{"loc":{"start":{"line":38,"column":4},"end":{"line":41,"column":null}},"type":"binary-expr","locations":[{"start":{"line":38,"column":4},"end":{"line":38,"column":null}},{"start":{"line":39,"column":4},"end":{"line":39,"column":null}},{"start":{"line":40,"column":4},"end":{"line":40,"column":null}},{"start":{"line":41,"column":4},"end":{"line":41,"column":null}}],"line":38},"2":{"loc":{"start":{"line":46,"column":2},"end":{"line":48,"column":null}},"type":"if","locations":[{"start":{"line":46,"column":2},"end":{"line":48,"column":null}},{"start":{},"end":{}}],"line":46},"3":{"loc":{"start":{"line":50,"column":2},"end":{"line":52,"column":null}},"type":"if","locations":[{"start":{"line":50,"column":2},"end":{"line":52,"column":null}},{"start":{},"end":{}}],"line":50},"4":{"loc":{"start":{"line":54,"column":2},"end":{"line":66,"column":null}},"type":"if","locations":[{"start":{"line":54,"column":2},"end":{"line":66,"column":null}},{"start":{},"end":{}}],"line":54},"5":{"loc":{"start":{"line":59,"column":10},"end":{"line":59,"column":null}},"type":"cond-expr","locations":[{"start":{"line":59,"column":27},"end":{"line":59,"column":54}},{"start":{"line":59,"column":54},"end":{"line":59,"column":null}}],"line":59},"6":{"loc":{"start":{"line":60,"column":10},"end":{"line":60,"column":null}},"type":"cond-expr","locations":[{"start":{"line":60,"column":33},"end":{"line":60,"column":72}},{"start":{"line":60,"column":72},"end":{"line":60,"column":null}}],"line":60},"7":{"loc":{"start":{"line":61,"column":10},"end":{"line":61,"column":null}},"type":"cond-expr","locations":[{"start":{"line":61,"column":32},"end":{"line":61,"column":69}},{"start":{"line":61,"column":69},"end":{"line":61,"column":null}}],"line":61},"8":{"loc":{"start":{"line":62,"column":10},"end":{"line":62,"column":null}},"type":"cond-expr","locations":[{"start":{"line":62,"column":32},"end":{"line":62,"column":69}},{"start":{"line":62,"column":69},"end":{"line":62,"column":null}}],"line":62},"9":{"loc":{"start":{"line":63,"column":10},"end":{"line":63,"column":null}},"type":"cond-expr","locations":[{"start":{"line":63,"column":30},"end":{"line":63,"column":63}},{"start":{"line":63,"column":63},"end":{"line":63,"column":null}}],"line":63},"10":{"loc":{"start":{"line":64,"column":10},"end":{"line":64,"column":null}},"type":"cond-expr","locations":[{"start":{"line":64,"column":24},"end":{"line":64,"column":49}},{"start":{"line":64,"column":49},"end":{"line":64,"column":null}}],"line":64},"11":{"loc":{"start":{"line":68,"column":2},"end":{"line":103,"column":null}},"type":"if","locations":[{"start":{"line":68,"column":2},"end":{"line":103,"column":null}},{"start":{},"end":{}}],"line":68},"12":{"loc":{"start":{"line":69,"column":4},"end":{"line":71,"column":null}},"type":"if","locations":[{"start":{"line":69,"column":4},"end":{"line":71,"column":null}},{"start":{},"end":{}}],"line":69},"13":{"loc":{"start":{"line":75,"column":4},"end":{"line":93,"column":null}},"type":"if","locations":[{"start":{"line":75,"column":4},"end":{"line":93,"column":null}},{"start":{},"end":{}}],"line":75},"14":{"loc":{"start":{"line":76,"column":6},"end":{"line":81,"column":null}},"type":"if","locations":[{"start":{"line":76,"column":6},"end":{"line":81,"column":null}},{"start":{},"end":{}}],"line":76},"15":{"loc":{"start":{"line":79,"column":14},"end":{"line":79,"column":null}},"type":"cond-expr","locations":[{"start":{"line":79,"column":33},"end":{"line":79,"column":65}},{"start":{"line":79,"column":65},"end":{"line":79,"column":null}}],"line":79},"16":{"loc":{"start":{"line":83,"column":6},"end":{"line":92,"column":null}},"type":"if","locations":[{"start":{"line":83,"column":6},"end":{"line":92,"column":null}},{"start":{},"end":{}}],"line":83},"17":{"loc":{"start":{"line":86,"column":19},"end":{"line":86,"column":null}},"type":"cond-expr","locations":[{"start":{"line":86,"column":61},"end":{"line":86,"column":83}},{"start":{"line":86,"column":83},"end":{"line":86,"column":null}}],"line":86},"18":{"loc":{"start":{"line":87,"column":14},"end":{"line":87,"column":null}},"type":"cond-expr","locations":[{"start":{"line":87,"column":33},"end":{"line":87,"column":72}},{"start":{"line":87,"column":72},"end":{"line":87,"column":null}}],"line":87},"19":{"loc":{"start":{"line":88,"column":14},"end":{"line":88,"column":null}},"type":"cond-expr","locations":[{"start":{"line":88,"column":33},"end":{"line":88,"column":72}},{"start":{"line":88,"column":72},"end":{"line":88,"column":null}}],"line":88},"20":{"loc":{"start":{"line":89,"column":14},"end":{"line":89,"column":null}},"type":"cond-expr","locations":[{"start":{"line":89,"column":39},"end":{"line":89,"column":90}},{"start":{"line":89,"column":90},"end":{"line":89,"column":null}}],"line":89},"21":{"loc":{"start":{"line":90,"column":14},"end":{"line":90,"column":null}},"type":"cond-expr","locations":[{"start":{"line":90,"column":33},"end":{"line":90,"column":65}},{"start":{"line":90,"column":65},"end":{"line":90,"column":null}}],"line":90},"22":{"loc":{"start":{"line":98,"column":15},"end":{"line":98,"column":null}},"type":"cond-expr","locations":[{"start":{"line":98,"column":56},"end":{"line":98,"column":77}},{"start":{"line":98,"column":77},"end":{"line":98,"column":null}}],"line":98},"23":{"loc":{"start":{"line":99,"column":10},"end":{"line":99,"column":null}},"type":"cond-expr","locations":[{"start":{"line":99,"column":28},"end":{"line":99,"column":66}},{"start":{"line":99,"column":66},"end":{"line":99,"column":null}}],"line":99},"24":{"loc":{"start":{"line":100,"column":10},"end":{"line":100,"column":null}},"type":"cond-expr","locations":[{"start":{"line":100,"column":28},"end":{"line":100,"column":66}},{"start":{"line":100,"column":66},"end":{"line":100,"column":null}}],"line":100},"25":{"loc":{"start":{"line":101,"column":10},"end":{"line":101,"column":null}},"type":"cond-expr","locations":[{"start":{"line":101,"column":34},"end":{"line":101,"column":84}},{"start":{"line":101,"column":84},"end":{"line":101,"column":null}}],"line":101},"26":{"loc":{"start":{"line":115,"column":2},"end":{"line":115,"column":null}},"type":"default-arg","locations":[{"start":{"line":115,"column":41},"end":{"line":115,"column":null}}],"line":115},"27":{"loc":{"start":{"line":120,"column":10},"end":{"line":120,"column":null}},"type":"binary-expr","locations":[{"start":{"line":120,"column":10},"end":{"line":120,"column":18}},{"start":{"line":120,"column":18},"end":{"line":120,"column":null}}],"line":120},"28":{"loc":{"start":{"line":124,"column":2},"end":{"line":127,"column":null}},"type":"if","locations":[{"start":{"line":124,"column":2},"end":{"line":127,"column":null}},{"start":{},"end":{}}],"line":124},"29":{"loc":{"start":{"line":140,"column":2},"end":{"line":143,"column":null}},"type":"if","locations":[{"start":{"line":140,"column":2},"end":{"line":143,"column":null}},{"start":{},"end":{}}],"line":140}},"s":{"0":131,"1":87,"2":38,"3":0,"4":38,"5":0,"6":38,"7":0,"8":0,"9":38,"10":38,"11":1,"12":37,"13":37,"14":36,"15":30,"16":6,"17":6,"18":6,"19":1,"20":1,"21":0,"22":17,"23":17,"24":17,"25":16,"26":16,"27":1,"28":37,"29":37,"30":37,"31":36,"32":36,"33":1},"f":{"0":131,"1":87,"2":38,"3":17,"4":37},"b":{"0":[131,131,130],"1":[87,84,3,2],"2":[0,38],"3":[0,38],"4":[0,38],"5":[0,0],"6":[0,0],"7":[0,0],"8":[0,0],"9":[0,0],"10":[0,0],"11":[38,0],"12":[1,37],"13":[36,1],"14":[30,6],"15":[15,15],"16":[6,0],"17":[6,0],"18":[6,0],"19":[6,0],"20":[6,0],"21":[0,6],"22":[1,0],"23":[0,1],"24":[1,0],"25":[0,1],"26":[17],"27":[17,16],"28":[16,1],"29":[36,1]},"meta":{"lastBranch":30,"lastFunction":5,"lastStatement":34,"seen":{"f:32:9:32:23":0,"s:33:2:33:Infinity":0,"b:33:9:33:27:33:27:33:56:33:56:33:Infinity":0,"f:36:16:36:35":1,"s:37:2:41:Infinity":1,"b:38:4:38:Infinity:39:4:39:Infinity:40:4:40:Infinity:41:4:41:Infinity":1,"f:45:9:45:24":2,"b:46:2:48:Infinity:undefined:undefined:undefined:undefined":2,"s:46:2:48:Infinity":2,"s:47:4:47:Infinity":3,"b:50:2:52:Infinity:undefined:undefined:undefined:undefined":3,"s:50:2:52:Infinity":4,"s:51:4:51:Infinity":5,"b:54:2:66:Infinity:undefined:undefined:undefined:undefined":4,"s:54:2:66:Infinity":6,"s:55:22:55:Infinity":7,"s:56:4:65:Infinity":8,"b:59:27:59:54:59:54:59:Infinity":5,"b:60:33:60:72:60:72:60:Infinity":6,"b:61:32:61:69:61:69:61:Infinity":7,"b:62:32:62:69:62:69:62:Infinity":8,"b:63:30:63:63:63:63:63:Infinity":9,"b:64:24:64:49:64:49:64:Infinity":10,"b:68:2:103:Infinity:undefined:undefined:undefined:undefined":11,"s:68:2:103:Infinity":9,"b:69:4:71:Infinity:undefined:undefined:undefined:undefined":12,"s:69:4:71:Infinity":10,"s:70:6:70:Infinity":11,"s:73:21:73:Infinity":12,"b:75:4:93:Infinity:undefined:undefined:undefined:undefined":13,"s:75:4:93:Infinity":13,"b:76:6:81:Infinity:undefined:undefined:undefined:undefined":14,"s:76:6:81:Infinity":14,"s:77:8:80:Infinity":15,"b:79:33:79:65:79:65:79:Infinity":15,"b:83:6:92:Infinity:undefined:undefined:undefined:undefined":16,"s:83:6:92:Infinity":16,"s:84:28:84:Infinity":17,"s:85:8:91:Infinity":18,"b:86:61:86:83:86:83:86:Infinity":17,"b:87:33:87:72:87:72:87:Infinity":18,"b:88:33:88:72:88:72:88:Infinity":19,"b:89:39:89:90:89:90:89:Infinity":20,"b:90:33:90:65:90:65:90:Infinity":21,"s:96:23:96:Infinity":19,"s:97:4:102:Infinity":20,"b:98:56:98:77:98:77:98:Infinity":22,"b:99:28:99:66:99:66:99:Infinity":23,"b:100:28:100:66:100:66:100:Infinity":24,"b:101:34:101:84:101:84:101:Infinity":25,"s:105:2:105:Infinity":21,"f:112:16:112:Infinity":3,"b:115:41:115:Infinity":26,"s:117:39:121:Infinity":22,"b:120:10:120:18:120:18:120:Infinity":27,"s:123:17:123:Infinity":23,"b:124:2:127:Infinity:undefined:undefined:undefined:undefined":28,"s:124:2:127:Infinity":24,"s:125:4:125:Infinity":25,"s:126:4:126:Infinity":26,"s:129:2:129:Infinity":27,"f:132:16:132:26":4,"s:133:42:137:Infinity":28,"s:139:17:139:Infinity":29,"b:140:2:143:Infinity:undefined:undefined:undefined:undefined":29,"s:140:2:143:Infinity":30,"s:141:4:141:Infinity":31,"s:142:4:142:Infinity":32,"s:145:2:145:Infinity":33}}}
,"/Users/guilhermevarela/Documents/Projetos/Produção/PokerMarketing-Agency/server/lib/errors/AppError.ts": {"path":"/Users/guilhermevarela/Documents/Projetos/Produção/PokerMarketing-Agency/server/lib/errors/AppError.ts","statementMap":{"0":{"start":{"line":9,"column":27},"end":{"line":46,"column":null}},"1":{"start":{"line":53,"column":27},"end":{"line":66,"column":null}},"2":{"start":{"line":104,"column":4},"end":{"line":104,"column":null}},"3":{"start":{"line":106,"column":4},"end":{"line":106,"column":null}},"4":{"start":{"line":107,"column":4},"end":{"line":107,"column":null}},"5":{"start":{"line":108,"column":4},"end":{"line":108,"column":null}},"6":{"start":{"line":109,"column":4},"end":{"line":109,"column":null}},"7":{"start":{"line":110,"column":4},"end":{"line":110,"column":null}},"8":{"start":{"line":111,"column":4},"end":{"line":111,"column":null}},"9":{"start":{"line":114,"column":4},"end":{"line":114,"column":null}},"10":{"start":{"line":121,"column":31},"end":{"line":129,"column":null}},"11":{"start":{"line":131,"column":4},"end":{"line":133,"column":null}},"12":{"start":{"line":132,"column":6},"end":{"line":132,"column":null}},"13":{"start":{"line":135,"column":4},"end":{"line":137,"column":null}},"14":{"start":{"line":136,"column":6},"end":{"line":136,"column":null}},"15":{"start":{"line":139,"column":4},"end":{"line":139,"column":null}},"16":{"start":{"line":146,"column":4},"end":{"line":148,"column":null}},"17":{"start":{"line":147,"column":6},"end":{"line":147,"column":null}},"18":{"start":{"line":149,"column":4},"end":{"line":149,"column":null}}},"fnMap":{"0":{"name":"(anonymous_0)","decl":{"start":{"line":97,"column":2},"end":{"line":97,"column":null}},"loc":{"start":{"line":103,"column":4},"end":{"line":115,"column":null}},"line":103},"1":{"name":"(anonymous_1)","decl":{"start":{"line":120,"column":2},"end":{"line":120,"column":9}},"loc":{"start":{"line":120,"column":54},"end":{"line":140,"column":null}},"line":120},"2":{"name":"(anonymous_2)","decl":{"start":{"line":145,"column":9},"end":{"line":145,"column":23}},"loc":{"start":{"line":145,"column":48},"end":{"line":150,"column":null}},"line":145}},"branchMap":{"0":{"loc":{"start":{"line":99,"column":4},"end":{"line":99,"column":null}},"type":"default-arg","locations":[{"start":{"line":99,"column":19},"end":{"line":99,"column":null}}],"line":99},"1":{"loc":{"start":{"line":100,"column":4},"end":{"line":100,"column":null}},"type":"default-arg","locations":[{"start":{"line":100,"column":25},"end":{"line":100,"column":null}}],"line":100},"2":{"loc":{"start":{"line":101,"column":4},"end":{"line":101,"column":null}},"type":"default-arg","locations":[{"start":{"line":101,"column":29},"end":{"line":101,"column":null}}],"line":101},"3":{"loc":{"start":{"line":102,"column":4},"end":{"line":102,"column":null}},"type":"default-arg","locations":[{"start":{"line":102,"column":35},"end":{"line":102,"column":null}}],"line":102},"4":{"loc":{"start":{"line":120,"column":9},"end":{"line":120,"column":54}},"type":"default-arg","locations":[{"start":{"line":120,"column":33},"end":{"line":120,"column":54}}],"line":120},"5":{"loc":{"start":{"line":131,"column":4},"end":{"line":133,"column":null}},"type":"if","locations":[{"start":{"line":131,"column":4},"end":{"line":133,"column":null}},{"start":{},"end":{}}],"line":131},"6":{"loc":{"start":{"line":135,"column":4},"end":{"line":137,"column":null}},"type":"if","locations":[{"start":{"line":135,"column":4},"end":{"line":137,"column":null}},{"start":{},"end":{}}],"line":135},"7":{"loc":{"start":{"line":135,"column":8},"end":{"line":135,"column":36}},"type":"binary-expr","locations":[{"start":{"line":135,"column":8},"end":{"line":135,"column":24}},{"start":{"line":135,"column":24},"end":{"line":135,"column":36}}],"line":135},"8":{"loc":{"start":{"line":146,"column":4},"end":{"line":148,"column":null}},"type":"if","locations":[{"start":{"line":146,"column":4},"end":{"line":148,"column":null}},{"start":{},"end":{}}],"line":146}},"s":{"0":23,"1":23,"2":32,"3":32,"4":32,"5":32,"6":32,"7":32,"8":32,"9":32,"10":2,"11":2,"12":2,"13":2,"14":1,"15":2,"16":2,"17":2,"18":0},"f":{"0":32,"1":2,"2":23},"b":{"0":[32],"1":[32],"2":[32],"3":[32],"4":[2],"5":[2,0],"6":[1,1],"7":[2,1],"8":[2,0]},"meta":{"lastBranch":9,"lastFunction":3,"lastStatement":19,"seen":{"s:9:27:46:Infinity":0,"s:53:27:66:Infinity":1,"f:97:2:97:Infinity":0,"b:99:19:99:Infinity":0,"b:100:25:100:Infinity":1,"b:101:29:101:Infinity":2,"b:102:35:102:Infinity":3,"s:104:4:104:Infinity":2,"s:106:4:106:Infinity":3,"s:107:4:107:Infinity":4,"s:108:4:108:Infinity":5,"s:109:4:109:Infinity":6,"s:110:4:110:Infinity":7,"s:111:4:111:Infinity":8,"s:114:4:114:Infinity":9,"f:120:2:120:9":1,"b:120:33:120:54":4,"s:121:31:129:Infinity":10,"b:131:4:133:Infinity:undefined:undefined:undefined:undefined":5,"s:131:4:133:Infinity":11,"s:132:6:132:Infinity":12,"b:135:4:137:Infinity:undefined:undefined:undefined:undefined":6,"s:135:4:137:Infinity":13,"b:135:8:135:24:135:24:135:36":7,"s:136:6:136:Infinity":14,"s:139:4:139:Infinity":15,"f:145:9:145:23":2,"b:146:4:148:Infinity:undefined:undefined:undefined:undefined":8,"s:146:4:148:Infinity":16,"s:147:6:147:Infinity":17,"s:149:4:149:Infinity":18}}}
,"/Users/guilhermevarela/Documents/Projetos/Produção/PokerMarketing-Agency/server/lib/errors/index.ts": {"path":"/Users/guilhermevarela/Documents/Projetos/Produção/PokerMarketing-Agency/server/lib/errors/index.ts","statementMap":{"0":{"start":{"line":17,"column":4},"end":{"line":17,"column":null}},"1":{"start":{"line":27,"column":4},"end":{"line":27,"column":null}},"2":{"start":{"line":37,"column":20},"end":{"line":39,"column":null}},"3":{"start":{"line":40,"column":4},"end":{"line":40,"column":null}},"4":{"start":{"line":50,"column":4},"end":{"line":50,"column":null}},"5":{"start":{"line":60,"column":20},"end":{"line":62,"column":null}},"6":{"start":{"line":63,"column":4},"end":{"line":63,"column":null}},"7":{"start":{"line":73,"column":4},"end":{"line":73,"column":null}},"8":{"start":{"line":83,"column":4},"end":{"line":89,"column":null}},"9":{"start":{"line":104,"column":20},"end":{"line":107,"column":null}},"10":{"start":{"line":108,"column":4},"end":{"line":108,"column":null}},"11":{"start":{"line":123,"column":20},"end":{"line":126,"column":null}},"12":{"start":{"line":127,"column":4},"end":{"line":127,"column":null}},"13":{"start":{"line":137,"column":4},"end":{"line":143,"column":null}},"14":{"start":{"line":153,"column":4},"end":{"line":159,"column":null}},"15":{"start":{"line":172,"column":31},"end":{"line":175,"column":null}},"16":{"start":{"line":172,"column":86},"end":{"line":175,"column":4}},"17":{"start":{"line":176,"column":2},"end":{"line":176,"column":null}},"18":{"start":{"line":183,"column":2},"end":{"line":183,"column":null}}},"fnMap":{"0":{"name":"(anonymous_0)","decl":{"start":{"line":16,"column":2},"end":{"line":16,"column":14}},"loc":{"start":{"line":16,"column":90},"end":{"line":18,"column":null}},"line":16},"1":{"name":"(anonymous_1)","decl":{"start":{"line":26,"column":2},"end":{"line":26,"column":14}},"loc":{"start":{"line":26,"column":100},"end":{"line":28,"column":null}},"line":26},"2":{"name":"(anonymous_2)","decl":{"start":{"line":36,"column":2},"end":{"line":36,"column":14}},"loc":{"start":{"line":36,"column":35},"end":{"line":41,"column":null}},"line":36},"3":{"name":"(anonymous_3)","decl":{"start":{"line":49,"column":2},"end":{"line":49,"column":14}},"loc":{"start":{"line":49,"column":62},"end":{"line":51,"column":null}},"line":49},"4":{"name":"(anonymous_4)","decl":{"start":{"line":59,"column":2},"end":{"line":59,"column":14}},"loc":{"start":{"line":59,"column":80},"end":{"line":64,"column":null}},"line":59},"5":{"name":"(anonymous_5)","decl":{"start":{"line":72,"column":2},"end":{"line":72,"column":14}},"loc":{"start":{"line":72,"column":90},"end":{"line":74,"column":null}},"line":72},"6":{"name":"(anonymous_6)","decl":{"start":{"line":82,"column":2},"end":{"line":82,"column":14}},"loc":{"start":{"line":82,"column":89},"end":{"line":90,"column":null}},"line":82},"7":{"name":"(anonymous_7)","decl":{"start":{"line":103,"column":2},"end":{"line":103,"column":14}},"loc":{"start":{"line":103,"column":105},"end":{"line":109,"column":null}},"line":103},"8":{"name":"(anonymous_8)","decl":{"start":{"line":117,"column":2},"end":{"line":117,"column":null}},"loc":{"start":{"line":122,"column":4},"end":{"line":128,"column":null}},"line":122},"9":{"name":"(anonymous_9)","decl":{"start":{"line":136,"column":2},"end":{"line":136,"column":14}},"loc":{"start":{"line":136,"column":88},"end":{"line":144,"column":null}},"line":136},"10":{"name":"(anonymous_10)","decl":{"start":{"line":152,"column":2},"end":{"line":152,"column":14}},"loc":{"start":{"line":152,"column":101},"end":{"line":160,"column":null}},"line":152},"11":{"name":"createValidationError","decl":{"start":{"line":171,"column":16},"end":{"line":171,"column":38}},"loc":{"start":{"line":171,"column":92},"end":{"line":177,"column":null}},"line":171},"12":{"name":"(anonymous_12)","decl":{"start":{"line":172,"column":63},"end":{"line":172,"column":64}},"loc":{"start":{"line":172,"column":86},"end":{"line":175,"column":4}},"line":172},"13":{"name":"isOperationalError","decl":{"start":{"line":182,"column":16},"end":{"line":182,"column":35}},"loc":{"start":{"line":182,"column":60},"end":{"line":184,"column":null}},"line":182}},"branchMap":{"0":{"loc":{"start":{"line":16,"column":14},"end":{"line":16,"column":53}},"type":"default-arg","locations":[{"start":{"line":16,"column":32},"end":{"line":16,"column":53}}],"line":16},"1":{"loc":{"start":{"line":16,"column":53},"end":{"line":16,"column":90}},"type":"default-arg","locations":[{"start":{"line":16,"column":84},"end":{"line":16,"column":90}}],"line":16},"2":{"loc":{"start":{"line":26,"column":14},"end":{"line":26,"column":59}},"type":"default-arg","locations":[{"start":{"line":26,"column":32},"end":{"line":26,"column":59}}],"line":26},"3":{"loc":{"start":{"line":26,"column":59},"end":{"line":26,"column":100}},"type":"default-arg","locations":[{"start":{"line":26,"column":74},"end":{"line":26,"column":100}}],"line":26},"4":{"loc":{"start":{"line":37,"column":20},"end":{"line":39,"column":null}},"type":"cond-expr","locations":[{"start":{"line":38,"column":8},"end":{"line":38,"column":null}},{"start":{"line":39,"column":8},"end":{"line":39,"column":null}}],"line":37},"5":{"loc":{"start":{"line":49,"column":14},"end":{"line":49,"column":62}},"type":"default-arg","locations":[{"start":{"line":49,"column":32},"end":{"line":49,"column":62}}],"line":49},"6":{"loc":{"start":{"line":59,"column":14},"end":{"line":59,"column":45}},"type":"default-arg","locations":[{"start":{"line":59,"column":33},"end":{"line":59,"column":45}}],"line":59},"7":{"loc":{"start":{"line":59,"column":45},"end":{"line":59,"column":80}},"type":"default-arg","locations":[{"start":{"line":59,"column":74},"end":{"line":59,"column":80}}],"line":59},"8":{"loc":{"start":{"line":60,"column":20},"end":{"line":62,"column":null}},"type":"cond-expr","locations":[{"start":{"line":61,"column":8},"end":{"line":61,"column":null}},{"start":{"line":62,"column":8},"end":{"line":62,"column":null}}],"line":60},"9":{"loc":{"start":{"line":72,"column":14},"end":{"line":72,"column":53}},"type":"default-arg","locations":[{"start":{"line":72,"column":32},"end":{"line":72,"column":53}}],"line":72},"10":{"loc":{"start":{"line":72,"column":53},"end":{"line":72,"column":90}},"type":"default-arg","locations":[{"start":{"line":72,"column":84},"end":{"line":72,"column":90}}],"line":72},"11":{"loc":{"start":{"line":82,"column":14},"end":{"line":82,"column":55}},"type":"default-arg","locations":[{"start":{"line":82,"column":32},"end":{"line":82,"column":55}}],"line":82},"12":{"loc":{"start":{"line":82,"column":55},"end":{"line":82,"column":89}},"type":"default-arg","locations":[{"start":{"line":82,"column":83},"end":{"line":82,"column":89}}],"line":82},"13":{"loc":{"start":{"line":103,"column":14},"end":{"line":103,"column":61}},"type":"default-arg","locations":[{"start":{"line":103,"column":32},"end":{"line":103,"column":61}}],"line":103},"14":{"loc":{"start":{"line":103,"column":61},"end":{"line":103,"column":105}},"type":"default-arg","locations":[{"start":{"line":103,"column":99},"end":{"line":103,"column":105}}],"line":103},"15":{"loc":{"start":{"line":104,"column":20},"end":{"line":107,"column":null}},"type":"cond-expr","locations":[{"start":{"line":104,"column":36},"end":{"line":107,"column":8}},{"start":{"line":107,"column":8},"end":{"line":107,"column":null}}],"line":104},"16":{"loc":{"start":{"line":119,"column":4},"end":{"line":119,"column":null}},"type":"default-arg","locations":[{"start":{"line":119,"column":22},"end":{"line":119,"column":null}}],"line":119},"17":{"loc":{"start":{"line":120,"column":4},"end":{"line":120,"column":null}},"type":"default-arg","locations":[{"start":{"line":120,"column":34},"end":{"line":120,"column":null}}],"line":120},"18":{"loc":{"start":{"line":121,"column":4},"end":{"line":121,"column":null}},"type":"default-arg","locations":[{"start":{"line":121,"column":25},"end":{"line":121,"column":null}}],"line":121},"19":{"loc":{"start":{"line":136,"column":14},"end":{"line":136,"column":55}},"type":"default-arg","locations":[{"start":{"line":136,"column":32},"end":{"line":136,"column":55}}],"line":136},"20":{"loc":{"start":{"line":136,"column":55},"end":{"line":136,"column":88}},"type":"default-arg","locations":[{"start":{"line":136,"column":82},"end":{"line":136,"column":88}}],"line":136},"21":{"loc":{"start":{"line":152,"column":14},"end":{"line":152,"column":67}},"type":"default-arg","locations":[{"start":{"line":152,"column":32},"end":{"line":152,"column":67}}],"line":152},"22":{"loc":{"start":{"line":152,"column":67},"end":{"line":152,"column":101}},"type":"default-arg","locations":[{"start":{"line":152,"column":95},"end":{"line":152,"column":101}}],"line":152}},"s":{"0":17,"1":0,"2":2,"3":2,"4":1,"5":2,"6":2,"7":1,"8":0,"9":4,"10":4,"11":1,"12":1,"13":1,"14":0,"15":1,"16":2,"17":1,"18":2},"f":{"0":17,"1":0,"2":2,"3":1,"4":2,"5":1,"6":0,"7":4,"8":1,"9":1,"10":0,"11":1,"12":2,"13":2},"b":{"0":[17],"1":[17],"2":[0],"3":[0],"4":[1,1],"5":[1],"6":[2],"7":[2],"8":[1,1],"9":[1],"10":[1],"11":[0],"12":[0],"13":[4],"14":[4],"15":[4,0],"16":[1],"17":[1],"18":[1],"19":[1],"20":[1],"21":[0],"22":[0]},"meta":{"lastBranch":23,"lastFunction":14,"lastStatement":19,"seen":{"f:16:2:16:14":0,"b:16:32:16:53":0,"b:16:84:16:90":1,"s:17:4:17:Infinity":0,"f:26:2:26:14":1,"b:26:32:26:59":2,"b:26:74:26:100":3,"s:27:4:27:Infinity":1,"f:36:2:36:14":2,"s:37:20:39:Infinity":2,"b:38:8:38:Infinity:39:8:39:Infinity":4,"s:40:4:40:Infinity":3,"f:49:2:49:14":3,"b:49:32:49:62":5,"s:50:4:50:Infinity":4,"f:59:2:59:14":4,"b:59:33:59:45":6,"b:59:74:59:80":7,"s:60:20:62:Infinity":5,"b:61:8:61:Infinity:62:8:62:Infinity":8,"s:63:4:63:Infinity":6,"f:72:2:72:14":5,"b:72:32:72:53":9,"b:72:84:72:90":10,"s:73:4:73:Infinity":7,"f:82:2:82:14":6,"b:82:32:82:55":11,"b:82:83:82:89":12,"s:83:4:89:Infinity":8,"f:103:2:103:14":7,"b:103:32:103:61":13,"b:103:99:103:105":14,"s:104:20:107:Infinity":9,"b:104:36:107:8:107:8:107:Infinity":15,"s:108:4:108:Infinity":10,"f:117:2:117:Infinity":8,"b:119:22:119:Infinity":16,"b:120:34:120:Infinity":17,"b:121:25:121:Infinity":18,"s:123:20:126:Infinity":11,"s:127:4:127:Infinity":12,"f:136:2:136:14":9,"b:136:32:136:55":19,"b:136:82:136:88":20,"s:137:4:143:Infinity":13,"f:152:2:152:14":10,"b:152:32:152:67":21,"b:152:95:152:101":22,"s:153:4:159:Infinity":14,"f:171:16:171:38":11,"s:172:31:175:Infinity":15,"f:172:63:172:64":12,"s:172:86:175:4":16,"s:176:2:176:Infinity":17,"f:182:16:182:35":13,"s:183:2:183:Infinity":18}}}
,"/Users/guilhermevarela/Documents/Projetos/Produção/PokerMarketing-Agency/server/lib/validation/contentType.ts": {"path":"/Users/guilhermevarela/Documents/Projetos/Produção/PokerMarketing-Agency/server/lib/validation/contentType.ts","statementMap":{"0":{"start":{"line":52,"column":44},"end":{"line":61,"column":null}},"1":{"start":{"line":90,"column":2},"end":{"line":92,"column":null}},"2":{"start":{"line":91,"column":4},"end":{"line":91,"column":null}},"3":{"start":{"line":97,"column":2},"end":{"line":101,"column":null}},"4":{"start":{"line":98,"column":4},"end":{"line":100,"column":null}}},"fnMap":{"0":{"name":"validateContentType","decl":{"start":{"line":87,"column":16},"end":{"line":87,"column":36}},"loc":{"start":{"line":87,"column":60},"end":{"line":102,"column":null}},"line":87}},"branchMap":{"0":{"loc":{"start":{"line":90,"column":2},"end":{"line":92,"column":null}},"type":"if","locations":[{"start":{"line":90,"column":2},"end":{"line":92,"column":null}},{"start":{},"end":{}}],"line":90},"1":{"loc":{"start":{"line":97,"column":2},"end":{"line":101,"column":null}},"type":"if","locations":[{"start":{"line":97,"column":2},"end":{"line":101,"column":null}},{"start":{},"end":{}}],"line":97}},"s":{"0":7,"1":41,"2":3,"3":38,"4":23},"f":{"0":41},"b":{"0":[3,38],"1":[23,15]},"meta":{"lastBranch":2,"lastFunction":1,"lastStatement":5,"seen":{"s:52:44:61:Infinity":0,"f:87:16:87:36":0,"b:90:2:92:Infinity:undefined:undefined:undefined:undefined":0,"s:90:2:92:Infinity":1,"s:91:4:91:Infinity":2,"b:97:2:101:Infinity:undefined:undefined:undefined:undefined":1,"s:97:2:101:Infinity":3,"s:98:4:100:Infinity":4}}}
,"/Users/guilhermevarela/Documents/Projetos/Produção/PokerMarketing-Agency/server/middleware/errorHandler.ts": {"path":"/Users/guilhermevarela/Documents/Projetos/Produção/PokerMarketing-Agency/server/middleware/errorHandler.ts","statementMap":{"0":{"start":{"line":15,"column":27},"end":{"line":15,"column":null}},"1":{"start":{"line":43,"column":2},"end":{"line":43,"column":null}},"2":{"start":{"line":43,"column":14},"end":{"line":43,"column":null}},"3":{"start":{"line":44,"column":24},"end":{"line":44,"column":null}},"4":{"start":{"line":45,"column":15},"end":{"line":45,"column":null}},"5":{"start":{"line":46,"column":18},"end":{"line":46,"column":null}},"6":{"start":{"line":47,"column":2},"end":{"line":49,"column":null}},"7":{"start":{"line":58,"column":2},"end":{"line":60,"column":null}},"8":{"start":{"line":59,"column":4},"end":{"line":59,"column":null}},"9":{"start":{"line":61,"column":21},"end":{"line":61,"column":null}},"10":{"start":{"line":62,"column":2},"end":{"line":64,"column":null}},"11":{"start":{"line":63,"column":4},"end":{"line":63,"column":null}},"12":{"start":{"line":65,"column":2},"end":{"line":65,"column":null}},"13":{"start":{"line":72,"column":2},"end":{"line":72,"column":null}},"14":{"start":{"line":80,"column":2},"end":{"line":103,"column":null}},"15":{"start":{"line":81,"column":43},"end":{"line":90,"column":null}},"16":{"start":{"line":93,"column":4},"end":{"line":95,"column":null}},"17":{"start":{"line":94,"column":6},"end":{"line":94,"column":null}},"18":{"start":{"line":98,"column":4},"end":{"line":100,"column":null}},"19":{"start":{"line":99,"column":6},"end":{"line":99,"column":null}},"20":{"start":{"line":102,"column":4},"end":{"line":102,"column":null}},"21":{"start":{"line":106,"column":24},"end":{"line":106,"column":null}},"22":{"start":{"line":107,"column":21},"end":{"line":107,"column":null}},"23":{"start":{"line":108,"column":41},"end":{"line":117,"column":null}},"24":{"start":{"line":120,"column":2},"end":{"line":122,"column":null}},"25":{"start":{"line":121,"column":4},"end":{"line":121,"column":null}},"26":{"start":{"line":124,"column":2},"end":{"line":124,"column":null}},"27":{"start":{"line":131,"column":21},"end":{"line":131,"column":null}},"28":{"start":{"line":132,"column":24},"end":{"line":132,"column":null}},"29":{"start":{"line":133,"column":18},"end":{"line":141,"column":null}},"30":{"start":{"line":144,"column":2},"end":{"line":150,"column":null}},"31":{"start":{"line":145,"column":4},"end":{"line":148,"column":null}},"32":{"start":{"line":149,"column":4},"end":{"line":149,"column":null}},"33":{"start":{"line":153,"column":2},"end":{"line":200,"column":null}},"34":{"start":{"line":155,"column":4},"end":{"line":190,"column":null}},"35":{"start":{"line":157,"column":6},"end":{"line":178,"column":null}},"36":{"start":{"line":158,"column":8},"end":{"line":166,"column":null}},"37":{"start":{"line":169,"column":8},"end":{"line":177,"column":null}},"38":{"start":{"line":181,"column":6},"end":{"line":189,"column":null}},"39":{"start":{"line":193,"column":4},"end":{"line":199,"column":null}},"40":{"start":{"line":214,"column":20},"end":{"line":214,"column":null}},"41":{"start":{"line":217,"column":2},"end":{"line":217,"column":null}},"42":{"start":{"line":220,"column":2},"end":{"line":222,"column":null}},"43":{"start":{"line":221,"column":4},"end":{"line":221,"column":null}},"44":{"start":{"line":225,"column":24},"end":{"line":225,"column":null}},"45":{"start":{"line":227,"column":4},"end":{"line":229,"column":null}},"46":{"start":{"line":232,"column":24},"end":{"line":232,"column":null}},"47":{"start":{"line":235,"column":2},"end":{"line":235,"column":null}},"48":{"start":{"line":236,"column":2},"end":{"line":236,"column":null}},"49":{"start":{"line":239,"column":2},"end":{"line":239,"column":null}},"50":{"start":{"line":241,"column":2},"end":{"line":241,"column":null}},"51":{"start":{"line":249,"column":16},"end":{"line":258,"column":null}},"52":{"start":{"line":261,"column":2},"end":{"line":261,"column":null}},"53":{"start":{"line":272,"column":2},"end":{"line":274,"column":null}},"54":{"start":{"line":273,"column":4},"end":{"line":273,"column":null}}},"fnMap":{"0":{"name":"isClientDisconnectError","decl":{"start":{"line":42,"column":16},"end":{"line":42,"column":40}},"loc":{"start":{"line":42,"column":82},"end":{"line":51,"column":null}},"line":42},"1":{"name":"getRequestId","decl":{"start":{"line":56,"column":9},"end":{"line":56,"column":22}},"loc":{"start":{"line":56,"column":44},"end":{"line":66,"column":null}},"line":56},"2":{"name":"shouldIncludeStack","decl":{"start":{"line":71,"column":9},"end":{"line":71,"column":39}},"loc":{"start":{"line":71,"column":39},"end":{"line":73,"column":null}},"line":71},"3":{"name":"formatErrorResponse","decl":{"start":{"line":78,"column":9},"end":{"line":78,"column":29}},"loc":{"start":{"line":78,"column":84},"end":{"line":125,"column":null}},"line":78},"4":{"name":"logError","decl":{"start":{"line":130,"column":9},"end":{"line":130,"column":18}},"loc":{"start":{"line":130,"column":71},"end":{"line":201,"column":null}},"line":130},"5":{"name":"errorHandler","decl":{"start":{"line":207,"column":16},"end":{"line":207,"column":null}},"loc":{"start":{"line":212,"column":8},"end":{"line":242,"column":null}},"line":212},"6":{"name":"notFoundHandler","decl":{"start":{"line":248,"column":16},"end":{"line":248,"column":32}},"loc":{"start":{"line":248,"column":88},"end":{"line":262,"column":null}},"line":248},"7":{"name":"asyncHandler","decl":{"start":{"line":271,"column":16},"end":{"line":271,"column":29}},"loc":{"start":{"line":271,"column":66},"end":{"line":275,"column":null}},"line":271},"8":{"name":"(anonymous_8)","decl":{"start":{"line":272,"column":9},"end":{"line":272,"column":10}},"loc":{"start":{"line":272,"column":68},"end":{"line":274,"column":null}},"line":272}},"branchMap":{"0":{"loc":{"start":{"line":43,"column":2},"end":{"line":43,"column":null}},"type":"if","locations":[{"start":{"line":43,"column":2},"end":{"line":43,"column":null}},{"start":{},"end":{}}],"line":43},"1":{"loc":{"start":{"line":45,"column":15},"end":{"line":45,"column":null}},"type":"binary-expr","locations":[{"start":{"line":45,"column":15},"end":{"line":45,"column":37}},{"start":{"line":45,"column":37},"end":{"line":45,"column":null}}],"line":45},"2":{"loc":{"start":{"line":46,"column":18},"end":{"line":46,"column":null}},"type":"binary-expr","locations":[{"start":{"line":46,"column":18},"end":{"line":46,"column":35}},{"start":{"line":46,"column":35},"end":{"line":46,"column":null}}],"line":46},"3":{"loc":{"start":{"line":48,"column":4},"end":{"line":49,"column":null}},"type":"binary-expr","locations":[{"start":{"line":48,"column":4},"end":{"line":48,"column":null}},{"start":{"line":49,"column":4},"end":{"line":49,"column":null}}],"line":48},"4":{"loc":{"start":{"line":58,"column":2},"end":{"line":60,"column":null}},"type":"if","locations":[{"start":{"line":58,"column":2},"end":{"line":60,"column":null}},{"start":{},"end":{}}],"line":58},"5":{"loc":{"start":{"line":62,"column":2},"end":{"line":64,"column":null}},"type":"if","locations":[{"start":{"line":62,"column":2},"end":{"line":64,"column":null}},{"start":{},"end":{}}],"line":62},"6":{"loc":{"start":{"line":80,"column":2},"end":{"line":103,"column":null}},"type":"if","locations":[{"start":{"line":80,"column":2},"end":{"line":103,"column":null}},{"start":{},"end":{}}],"line":80},"7":{"loc":{"start":{"line":93,"column":4},"end":{"line":95,"column":null}},"type":"if","locations":[{"start":{"line":93,"column":4},"end":{"line":95,"column":null}},{"start":{},"end":{}}],"line":93},"8":{"loc":{"start":{"line":98,"column":4},"end":{"line":100,"column":null}},"type":"if","locations":[{"start":{"line":98,"column":4},"end":{"line":100,"column":null}},{"start":{},"end":{}}],"line":98},"9":{"loc":{"start":{"line":98,"column":8},"end":{"line":98,"column":45}},"type":"binary-expr","locations":[{"start":{"line":98,"column":8},"end":{"line":98,"column":32}},{"start":{"line":98,"column":32},"end":{"line":98,"column":45}}],"line":98},"10":{"loc":{"start":{"line":107,"column":21},"end":{"line":107,"column":null}},"type":"binary-expr","locations":[{"start":{"line":107,"column":21},"end":{"line":107,"column":49}},{"start":{"line":107,"column":49},"end":{"line":107,"column":null}}],"line":107},"11":{"loc":{"start":{"line":110,"column":12},"end":{"line":110,"column":null}},"type":"binary-expr","locations":[{"start":{"line":110,"column":12},"end":{"line":110,"column":26}},{"start":{"line":110,"column":26},"end":{"line":110,"column":null}}],"line":110},"12":{"loc":{"start":{"line":111,"column":15},"end":{"line":111,"column":null}},"type":"binary-expr","locations":[{"start":{"line":111,"column":15},"end":{"line":111,"column":32}},{"start":{"line":111,"column":32},"end":{"line":111,"column":null}}],"line":111},"13":{"loc":{"start":{"line":120,"column":2},"end":{"line":122,"column":null}},"type":"if","locations":[{"start":{"line":120,"column":2},"end":{"line":122,"column":null}},{"start":{},"end":{}}],"line":120},"14":{"loc":{"start":{"line":120,"column":6},"end":{"line":120,"column":43}},"type":"binary-expr","locations":[{"start":{"line":120,"column":6},"end":{"line":120,"column":30}},{"start":{"line":120,"column":30},"end":{"line":120,"column":43}}],"line":120},"15":{"loc":{"start":{"line":138,"column":12},"end":{"line":138,"column":null}},"type":"binary-expr","locations":[{"start":{"line":138,"column":12},"end":{"line":138,"column":30}},{"start":{"line":138,"column":30},"end":{"line":138,"column":null}}],"line":138},"16":{"loc":{"start":{"line":139,"column":20},"end":{"line":139,"column":null}},"type":"binary-expr","locations":[{"start":{"line":139,"column":20},"end":{"line":139,"column":37}},{"start":{"line":139,"column":37},"end":{"line":139,"column":64}},{"start":{"line":139,"column":64},"end":{"line":139,"column":null}}],"line":139},"17":{"loc":{"start":{"line":140,"column":8},"end":{"line":140,"column":null}},"type":"binary-expr","locations":[{"start":{"line":140,"column":8},"end":{"line":140,"column":19}},{"start":{"line":140,"column":19},"end":{"line":140,"column":85}},{"start":{"line":140,"column":85},"end":{"line":140,"column":null}}],"line":140},"18":{"loc":{"start":{"line":144,"column":2},"end":{"line":150,"column":null}},"type":"if","locations":[{"start":{"line":144,"column":2},"end":{"line":150,"column":null}},{"start":{},"end":{}}],"line":144},"19":{"loc":{"start":{"line":153,"column":2},"end":{"line":200,"column":null}},"type":"if","locations":[{"start":{"line":153,"column":2},"end":{"line":200,"column":null}},{"start":{"line":191,"column":9},"end":{"line":200,"column":null}}],"line":153},"20":{"loc":{"start":{"line":155,"column":4},"end":{"line":190,"column":null}},"type":"if","locations":[{"start":{"line":155,"column":4},"end":{"line":190,"column":null}},{"start":{"line":179,"column":11},"end":{"line":190,"column":null}}],"line":155},"21":{"loc":{"start":{"line":157,"column":6},"end":{"line":178,"column":null}},"type":"if","locations":[{"start":{"line":157,"column":6},"end":{"line":178,"column":null}},{"start":{"line":167,"column":13},"end":{"line":178,"column":null}}],"line":157},"22":{"loc":{"start":{"line":220,"column":2},"end":{"line":222,"column":null}},"type":"if","locations":[{"start":{"line":220,"column":2},"end":{"line":222,"column":null}},{"start":{},"end":{}}],"line":220},"23":{"loc":{"start":{"line":220,"column":6},"end":{"line":220,"column":57}},"type":"binary-expr","locations":[{"start":{"line":220,"column":6},"end":{"line":220,"column":25}},{"start":{"line":220,"column":25},"end":{"line":220,"column":42}},{"start":{"line":220,"column":42},"end":{"line":220,"column":57}}],"line":220},"24":{"loc":{"start":{"line":227,"column":4},"end":{"line":229,"column":null}},"type":"cond-expr","locations":[{"start":{"line":228,"column":8},"end":{"line":228,"column":null}},{"start":{"line":229,"column":8},"end":{"line":229,"column":null}}],"line":227},"25":{"loc":{"start":{"line":229,"column":8},"end":{"line":229,"column":null}},"type":"binary-expr","locations":[{"start":{"line":229,"column":8},"end":{"line":229,"column":36}},{"start":{"line":229,"column":36},"end":{"line":229,"column":null}}],"line":229}},"s":{"0":12,"1":6,"2":0,"3":6,"4":6,"5":6,"6":6,"7":6,"8":0,"9":6,"10":6,"11":1,"12":5,"13":6,"14":6,"15":3,"16":3,"17":3,"18":3,"19":3,"20":3,"21":3,"22":3,"23":6,"24":6,"25":3,"26":3,"27":6,"28":6,"29":6,"30":6,"31":0,"32":0,"33":6,"34":3,"35":3,"36":2,"37":1,"38":0,"39":3,"40":6,"41":6,"42":6,"43":0,"44":6,"45":6,"46":6,"47":6,"48":6,"49":6,"50":6,"51":1,"52":1,"53":1,"54":1},"f":{"0":6,"1":6,"2":6,"3":6,"4":6,"5":6,"6":1,"7":1,"8":1},"b":{"0":[0,6],"1":[6,1],"2":[6,0],"3":[6,6],"4":[0,6],"5":[1,5],"6":[3,3],"7":[3,0],"8":[3,0],"9":[3,3],"10":[3,1],"11":[6,0],"12":[6,0],"13":[3,3],"14":[6,3],"15":[6,6],"16":[6,6,6],"17":[6,0,0],"18":[0,6],"19":[3,3],"20":[3,0],"21":[2,1],"22":[0,6],"23":[6,6,6],"24":[3,3],"25":[3,1]},"meta":{"lastBranch":26,"lastFunction":9,"lastStatement":55,"seen":{"s:15:27:15:Infinity":0,"f:42:16:42:40":0,"b:43:2:43:Infinity:undefined:undefined:undefined:undefined":0,"s:43:2:43:Infinity":1,"s:43:14:43:Infinity":2,"s:44:24:44:Infinity":3,"s:45:15:45:Infinity":4,"b:45:15:45:37:45:37:45:Infinity":1,"s:46:18:46:Infinity":5,"b:46:18:46:35:46:35:46:Infinity":2,"s:47:2:49:Infinity":6,"b:48:4:48:Infinity:49:4:49:Infinity":3,"f:56:9:56:22":1,"b:58:2:60:Infinity:undefined:undefined:undefined:undefined":4,"s:58:2:60:Infinity":7,"s:59:4:59:Infinity":8,"s:61:21:61:Infinity":9,"b:62:2:64:Infinity:undefined:undefined:undefined:undefined":5,"s:62:2:64:Infinity":10,"s:63:4:63:Infinity":11,"s:65:2:65:Infinity":12,"f:71:9:71:39":2,"s:72:2:72:Infinity":13,"f:78:9:78:29":3,"b:80:2:103:Infinity:undefined:undefined:undefined:undefined":6,"s:80:2:103:Infinity":14,"s:81:43:90:Infinity":15,"b:93:4:95:Infinity:undefined:undefined:undefined:undefined":7,"s:93:4:95:Infinity":16,"s:94:6:94:Infinity":17,"b:98:4:100:Infinity:undefined:undefined:undefined:undefined":8,"s:98:4:100:Infinity":18,"b:98:8:98:32:98:32:98:45":9,"s:99:6:99:Infinity":19,"s:102:4:102:Infinity":20,"s:106:24:106:Infinity":21,"s:107:21:107:Infinity":22,"b:107:21:107:49:107:49:107:Infinity":10,"s:108:41:117:Infinity":23,"b:110:12:110:26:110:26:110:Infinity":11,"b:111:15:111:32:111:32:111:Infinity":12,"b:120:2:122:Infinity:undefined:undefined:undefined:undefined":13,"s:120:2:122:Infinity":24,"b:120:6:120:30:120:30:120:43":14,"s:121:4:121:Infinity":25,"s:124:2:124:Infinity":26,"f:130:9:130:18":4,"s:131:21:131:Infinity":27,"s:132:24:132:Infinity":28,"s:133:18:141:Infinity":29,"b:138:12:138:30:138:30:138:Infinity":15,"b:139:20:139:37:139:37:139:64:139:64:139:Infinity":16,"b:140:8:140:19:140:19:140:85:140:85:140:Infinity":17,"b:144:2:150:Infinity:undefined:undefined:undefined:undefined":18,"s:144:2:150:Infinity":30,"s:145:4:148:Infinity":31,"s:149:4:149:Infinity":32,"b:153:2:200:Infinity:191:9:200:Infinity":19,"s:153:2:200:Infinity":33,"b:155:4:190:Infinity:179:11:190:Infinity":20,"s:155:4:190:Infinity":34,"b:157:6:178:Infinity:167:13:178:Infinity":21,"s:157:6:178:Infinity":35,"s:158:8:166:Infinity":36,"s:169:8:177:Infinity":37,"s:181:6:189:Infinity":38,"s:193:4:199:Infinity":39,"f:207:16:207:Infinity":5,"s:214:20:214:Infinity":40,"s:217:2:217:Infinity":41,"b:220:2:222:Infinity:undefined:undefined:undefined:undefined":22,"s:220:2:222:Infinity":42,"b:220:6:220:25:220:25:220:42:220:42:220:57":23,"s:221:4:221:Infinity":43,"s:225:24:225:Infinity":44,"s:227:4:229:Infinity":45,"b:228:8:228:Infinity:229:8:229:Infinity":24,"b:229:8:229:36:229:36:229:Infinity":25,"s:232:24:232:Infinity":46,"s:235:2:235:Infinity":47,"s:236:2:236:Infinity":48,"s:239:2:239:Infinity":49,"s:241:2:241:Infinity":50,"f:248:16:248:32":6,"s:249:16:258:Infinity":51,"s:261:2:261:Infinity":52,"f:271:16:271:29":7,"s:272:2:274:Infinity":53,"f:272:9:272:10":8,"s:273:4:273:Infinity":54}}}
,"/Users/guilhermevarela/Documents/Projetos/Produção/PokerMarketing-Agency/server/middleware/validate.ts": {"path":"/Users/guilhermevarela/Documents/Projetos/Produção/PokerMarketing-Agency/server/middleware/validate.ts","statementMap":{"0":{"start":{"line":24,"column":2},"end":{"line":56,"column":null}},"1":{"start":{"line":25,"column":36},"end":{"line":25,"column":null}},"2":{"start":{"line":27,"column":81},"end":{"line":31,"column":null}},"3":{"start":{"line":33,"column":4},"end":{"line":53,"column":null}},"4":{"start":{"line":34,"column":6},"end":{"line":36,"column":null}},"5":{"start":{"line":35,"column":8},"end":{"line":35,"column":null}},"6":{"start":{"line":38,"column":21},"end":{"line":38,"column":null}},"7":{"start":{"line":39,"column":6},"end":{"line":45,"column":null}},"8":{"start":{"line":40,"column":8},"end":{"line":43,"column":null}},"9":{"start":{"line":44,"column":8},"end":{"line":44,"column":null}},"10":{"start":{"line":47,"column":6},"end":{"line":52,"column":null}},"11":{"start":{"line":55,"column":4},"end":{"line":55,"column":null}}},"fnMap":{"0":{"name":"validateRequest","decl":{"start":{"line":23,"column":16},"end":{"line":23,"column":32}},"loc":{"start":{"line":23,"column":65},"end":{"line":57,"column":null}},"line":23},"1":{"name":"(anonymous_1)","decl":{"start":{"line":24,"column":9},"end":{"line":24,"column":10}},"loc":{"start":{"line":24,"column":68},"end":{"line":56,"column":null}},"line":24}},"branchMap":{"0":{"loc":{"start":{"line":23,"column":32},"end":{"line":23,"column":65}},"type":"default-arg","locations":[{"start":{"line":23,"column":61},"end":{"line":23,"column":65}}],"line":23},"1":{"loc":{"start":{"line":34,"column":6},"end":{"line":36,"column":null}},"type":"if","locations":[{"start":{"line":34,"column":6},"end":{"line":36,"column":null}},{"start":{},"end":{}}],"line":34},"2":{"loc":{"start":{"line":39,"column":6},"end":{"line":45,"column":null}},"type":"if","locations":[{"start":{"line":39,"column":6},"end":{"line":45,"column":null}},{"start":{},"end":{}}],"line":39}},"s":{"0":128,"1":44,"2":44,"3":44,"4":110,"5":65,"6":45,"7":45,"8":15,"9":15,"10":30,"11":29},"f":{"0":128,"1":44},"b":{"0":[128],"1":[65,45],"2":[15,30]},"meta":{"lastBranch":3,"lastFunction":2,"lastStatement":12,"seen":{"f:23:16:23:32":0,"b:23:61:23:65":0,"s:24:2:56:Infinity":0,"f:24:9:24:10":1,"s:25:36:25:Infinity":1,"s:27:81:31:Infinity":2,"s:33:4:53:Infinity":3,"b:34:6:36:Infinity:undefined:undefined:undefined:undefined":1,"s:34:6:36:Infinity":4,"s:35:8:35:Infinity":5,"s:38:21:38:Infinity":6,"b:39:6:45:Infinity:undefined:undefined:undefined:undefined":2,"s:39:6:45:Infinity":7,"s:40:8:43:Infinity":8,"s:44:8:44:Infinity":9,"s:47:6:52:Infinity":10,"s:55:4:55:Infinity":11}}}
,"/Users/guilhermevarela/Documents/Projetos/Produção/PokerMarketing-Agency/server/schemas/api-contracts.ts": {"path":"/Users/guilhermevarela/Documents/Projetos/Produção/PokerMarketing-Agency/server/schemas/api-contracts.ts","statementMap":{"0":{"start":{"line":133,"column":22},"end":{"line":133,"column":null}},"1":{"start":{"line":134,"column":38},"end":{"line":134,"column":null}},"2":{"start":{"line":135,"column":25},"end":{"line":135,"column":null}},"3":{"start":{"line":136,"column":33},"end":{"line":140,"column":null}},"4":{"start":{"line":141,"column":25},"end":{"line":144,"column":null}},"5":{"start":{"line":145,"column":23},"end":{"line":145,"column":null}},"6":{"start":{"line":147,"column":28},"end":{"line":147,"column":null}},"7":{"start":{"line":148,"column":28},"end":{"line":148,"column":null}},"8":{"start":{"line":149,"column":26},"end":{"line":149,"column":null}},"9":{"start":{"line":150,"column":29},"end":{"line":155,"column":null}},"10":{"start":{"line":156,"column":29},"end":{"line":158,"column":null}},"11":{"start":{"line":159,"column":26},"end":{"line":161,"column":null}},"12":{"start":{"line":162,"column":33},"end":{"line":164,"column":null}},"13":{"start":{"line":165,"column":25},"end":{"line":165,"column":null}},"14":{"start":{"line":167,"column":27},"end":{"line":170,"column":null}},"15":{"start":{"line":172,"column":30},"end":{"line":174,"column":null}},"16":{"start":{"line":176,"column":28},"end":{"line":179,"column":null}},"17":{"start":{"line":181,"column":33},"end":{"line":196,"column":null}},"18":{"start":{"line":198,"column":33},"end":{"line":219,"column":null}},"19":{"start":{"line":221,"column":32},"end":{"line":227,"column":null}},"20":{"start":{"line":229,"column":34},"end":{"line":236,"column":null}},"21":{"start":{"line":238,"column":29},"end":{"line":249,"column":null}},"22":{"start":{"line":251,"column":40},"end":{"line":256,"column":null}},"23":{"start":{"line":258,"column":33},"end":{"line":263,"column":null}},"24":{"start":{"line":265,"column":29},"end":{"line":272,"column":null}},"25":{"start":{"line":274,"column":27},"end":{"line":279,"column":null}},"26":{"start":{"line":281,"column":34},"end":{"line":285,"column":null}},"27":{"start":{"line":287,"column":25},"end":{"line":307,"column":null}},"28":{"start":{"line":309,"column":25},"end":{"line":316,"column":null}},"29":{"start":{"line":318,"column":37},"end":{"line":325,"column":null}},"30":{"start":{"line":327,"column":37},"end":{"line":333,"column":null}},"31":{"start":{"line":335,"column":29},"end":{"line":341,"column":null}},"32":{"start":{"line":343,"column":27},"end":{"line":345,"column":null}},"33":{"start":{"line":347,"column":29},"end":{"line":349,"column":null}},"34":{"start":{"line":351,"column":28},"end":{"line":353,"column":null}},"35":{"start":{"line":355,"column":26},"end":{"line":357,"column":null}},"36":{"start":{"line":359,"column":28},"end":{"line":361,"column":null}},"37":{"start":{"line":363,"column":34},"end":{"line":366,"column":null}},"38":{"start":{"line":368,"column":26},"end":{"line":370,"column":null}},"39":{"start":{"line":372,"column":25},"end":{"line":375,"column":null}},"40":{"start":{"line":377,"column":36},"end":{"line":379,"column":null}},"41":{"start":{"line":381,"column":32},"end":{"line":384,"column":null}},"42":{"start":{"line":386,"column":50},"end":{"line":1650,"column":null}},"43":{"start":{"line":1652,"column":20},"end":{"line":1657,"column":null}},"44":{"start":{"line":1653,"column":35},"end":{"line":1656,"column":3}},"45":{"start":{"line":1660,"column":2},"end":{"line":1660,"column":null}},"46":{"start":{"line":1667,"column":2},"end":{"line":1667,"column":null}},"47":{"start":{"line":1675,"column":19},"end":{"line":1675,"column":null}},"48":{"start":{"line":1676,"column":2},"end":{"line":1678,"column":null}},"49":{"start":{"line":1677,"column":4},"end":{"line":1677,"column":null}},"50":{"start":{"line":1680,"column":2},"end":{"line":1680,"column":null}},"51":{"start":{"line":1687,"column":25},"end":{"line":1687,"column":null}},"52":{"start":{"line":1688,"column":27},"end":{"line":1704,"column":null}},"53":{"start":{"line":1706,"column":2},"end":{"line":1725,"column":null}},"54":{"start":{"line":1707,"column":4},"end":{"line":1723,"column":null}},"55":{"start":{"line":1724,"column":4},"end":{"line":1724,"column":null}},"56":{"start":{"line":1727,"column":2},"end":{"line":1741,"column":null}},"57":{"start":{"line":1728,"column":4},"end":{"line":1739,"column":null}},"58":{"start":{"line":1740,"column":4},"end":{"line":1740,"column":null}},"59":{"start":{"line":1743,"column":2},"end":{"line":1763,"column":null}},"60":{"start":{"line":1767,"column":2},"end":{"line":1767,"column":null}},"61":{"start":{"line":1770,"column":57},"end":{"line":1770,"column":null}},"62":{"start":{"line":1772,"column":2},"end":{"line":1809,"column":null}},"63":{"start":{"line":1773,"column":27},"end":{"line":1773,"column":null}},"64":{"start":{"line":1774,"column":19},"end":{"line":1774,"column":null}},"65":{"start":{"line":1775,"column":25},"end":{"line":1775,"column":null}},"66":{"start":{"line":1776,"column":24},"end":{"line":1784,"column":null}},"67":{"start":{"line":1787,"column":6},"end":{"line":1795,"column":null}},"68":{"start":{"line":1797,"column":4},"end":{"line":1807,"column":null}},"69":{"start":{"line":1808,"column":4},"end":{"line":1808,"column":null}},"70":{"start":{"line":1811,"column":2},"end":{"line":1820,"column":null}},"71":{"start":{"line":1824,"column":2},"end":{"line":1826,"column":null}},"72":{"start":{"line":1825,"column":4},"end":{"line":1825,"column":null}},"73":{"start":{"line":1828,"column":19},"end":{"line":1828,"column":null}},"74":{"start":{"line":1829,"column":2},"end":{"line":1831,"column":null}},"75":{"start":{"line":1830,"column":4},"end":{"line":1830,"column":null}},"76":{"start":{"line":1833,"column":2},"end":{"line":1851,"column":null}},"77":{"start":{"line":1834,"column":22},"end":{"line":1834,"column":null}},"78":{"start":{"line":1835,"column":4},"end":{"line":1843,"column":null}},"79":{"start":{"line":1845,"column":4},"end":{"line":1850,"column":null}},"80":{"start":{"line":1846,"column":6},"end":{"line":1847,"column":null}},"81":{"start":{"line":1849,"column":6},"end":{"line":1849,"column":null}},"82":{"start":{"line":1853,"column":2},"end":{"line":1853,"column":null}}},"fnMap":{"0":{"name":"(anonymous_0)","decl":{"start":{"line":1653,"column":21},"end":{"line":1653,"column":22}},"loc":{"start":{"line":1653,"column":35},"end":{"line":1656,"column":3}},"line":1653},"1":{"name":"normalizeOpenApiPath","decl":{"start":{"line":1659,"column":16},"end":{"line":1659,"column":37}},"loc":{"start":{"line":1659,"column":59},"end":{"line":1661,"column":null}},"line":1659},"2":{"name":"getRouteContract","decl":{"start":{"line":1663,"column":16},"end":{"line":1663,"column":null}},"loc":{"start":{"line":1666,"column":32},"end":{"line":1668,"column":null}},"line":1666},"3":{"name":"validateRouteOutput","decl":{"start":{"line":1670,"column":16},"end":{"line":1670,"column":null}},"loc":{"start":{"line":1674,"column":11},"end":{"line":1681,"column":null}},"line":1674},"4":{"name":"registerContractPath","decl":{"start":{"line":1683,"column":9},"end":{"line":1683,"column":null}},"loc":{"start":{"line":1686,"column":8},"end":{"line":1764,"column":null}},"line":1686},"5":{"name":"buildFallbackOpenApiDocument","decl":{"start":{"line":1769,"column":9},"end":{"line":1769,"column":40}},"loc":{"start":{"line":1769,"column":40},"end":{"line":1821,"column":null}},"line":1769},"6":{"name":"getOpenApiDocument","decl":{"start":{"line":1823,"column":16},"end":{"line":1823,"column":89}},"loc":{"start":{"line":1823,"column":89},"end":{"line":1854,"column":null}},"line":1823}},"branchMap":{"0":{"loc":{"start":{"line":1676,"column":2},"end":{"line":1678,"column":null}},"type":"if","locations":[{"start":{"line":1676,"column":2},"end":{"line":1678,"column":null}},{"start":{},"end":{}}],"line":1676},"1":{"loc":{"start":{"line":1676,"column":6},"end":{"line":1676,"column":54}},"type":"binary-expr","locations":[{"start":{"line":1676,"column":6},"end":{"line":1676,"column":19}},{"start":{"line":1676,"column":19},"end":{"line":1676,"column":54}}],"line":1676},"2":{"loc":{"start":{"line":1688,"column":27},"end":{"line":1704,"column":null}},"type":"cond-expr","locations":[{"start":{"line":1689,"column":6},"end":{"line":1703,"column":null}},{"start":{"line":1704,"column":6},"end":{"line":1704,"column":null}}],"line":1688},"3":{"loc":{"start":{"line":1690,"column":12},"end":{"line":1690,"column":null}},"type":"cond-expr","locations":[{"start":{"line":1690,"column":38},"end":{"line":1690,"column":76}},{"start":{"line":1690,"column":76},"end":{"line":1690,"column":null}}],"line":1690},"4":{"loc":{"start":{"line":1691,"column":12},"end":{"line":1691,"column":null}},"type":"cond-expr","locations":[{"start":{"line":1691,"column":37},"end":{"line":1691,"column":73}},{"start":{"line":1691,"column":73},"end":{"line":1691,"column":null}}],"line":1691},"5":{"loc":{"start":{"line":1692,"column":12},"end":{"line":1702,"column":null}},"type":"cond-expr","locations":[{"start":{"line":1693,"column":12},"end":{"line":1701,"column":null}},{"start":{"line":1702,"column":12},"end":{"line":1702,"column":null}}],"line":1692},"6":{"loc":{"start":{"line":1706,"column":2},"end":{"line":1725,"column":null}},"type":"if","locations":[{"start":{"line":1706,"column":2},"end":{"line":1725,"column":null}},{"start":{},"end":{}}],"line":1706},"7":{"loc":{"start":{"line":1727,"column":2},"end":{"line":1741,"column":null}},"type":"if","locations":[{"start":{"line":1727,"column":2},"end":{"line":1741,"column":null}},{"start":{},"end":{}}],"line":1727},"8":{"loc":{"start":{"line":1757,"column":16},"end":{"line":1757,"column":null}},"type":"cond-expr","locations":[{"start":{"line":1757,"column":54},"end":{"line":1757,"column":65}},{"start":{"line":1757,"column":65},"end":{"line":1757,"column":null}}],"line":1757},"9":{"loc":{"start":{"line":1775,"column":25},"end":{"line":1775,"column":null}},"type":"binary-expr","locations":[{"start":{"line":1775,"column":25},"end":{"line":1775,"column":50}},{"start":{"line":1775,"column":50},"end":{"line":1775,"column":null}}],"line":1775},"10":{"loc":{"start":{"line":1776,"column":24},"end":{"line":1784,"column":null}},"type":"cond-expr","locations":[{"start":{"line":1777,"column":8},"end":{"line":1783,"column":null}},{"start":{"line":1784,"column":8},"end":{"line":1784,"column":null}}],"line":1776},"11":{"loc":{"start":{"line":1787,"column":6},"end":{"line":1795,"column":null}},"type":"cond-expr","locations":[{"start":{"line":1788,"column":10},"end":{"line":1788,"column":null}},{"start":{"line":1789,"column":10},"end":{"line":1795,"column":null}}],"line":1787},"12":{"loc":{"start":{"line":1789,"column":10},"end":{"line":1795,"column":null}},"type":"cond-expr","locations":[{"start":{"line":1790,"column":12},"end":{"line":1790,"column":null}},{"start":{"line":1791,"column":12},"end":{"line":1795,"column":null}}],"line":1789},"13":{"loc":{"start":{"line":1800,"column":10},"end":{"line":1800,"column":null}},"type":"cond-expr","locations":[{"start":{"line":1800,"column":24},"end":{"line":1800,"column":42}},{"start":{"line":1800,"column":42},"end":{"line":1800,"column":null}}],"line":1800},"14":{"loc":{"start":{"line":1804,"column":14},"end":{"line":1804,"column":null}},"type":"cond-expr","locations":[{"start":{"line":1804,"column":32},"end":{"line":1804,"column":63}},{"start":{"line":1804,"column":63},"end":{"line":1804,"column":null}}],"line":1804},"15":{"loc":{"start":{"line":1824,"column":2},"end":{"line":1826,"column":null}},"type":"if","locations":[{"start":{"line":1824,"column":2},"end":{"line":1826,"column":null}},{"start":{},"end":{}}],"line":1824},"16":{"loc":{"start":{"line":1845,"column":4},"end":{"line":1850,"column":null}},"type":"if","locations":[{"start":{"line":1845,"column":4},"end":{"line":1850,"column":null}},{"start":{"line":1848,"column":11},"end":{"line":1850,"column":null}}],"line":1845}},"s":{"0":16,"1":16,"2":16,"3":16,"4":16,"5":16,"6":16,"7":16,"8":16,"9":16,"10":16,"11":16,"12":16,"13":16,"14":16,"15":16,"16":16,"17":16,"18":16,"19":16,"20":16,"21":16,"22":16,"23":16,"24":16,"25":16,"26":16,"27":16,"28":16,"29":16,"30":16,"31":16,"32":16,"33":16,"34":16,"35":16,"36":16,"37":16,"38":16,"39":16,"40":16,"41":16,"42":16,"43":16,"44":1568,"45":197,"46":69,"47":20,"48":20,"49":2,"50":18,"51":196,"52":196,"53":196,"54":182,"55":182,"56":14,"57":4,"58":4,"59":10,"60":16,"61":0,"62":0,"63":0,"64":0,"65":0,"66":0,"67":0,"68":0,"69":0,"70":0,"71":4,"72":2,"73":2,"74":2,"75":196,"76":2,"77":2,"78":2,"79":0,"80":0,"81":0,"82":2},"f":{"0":1568,"1":197,"2":69,"3":20,"4":196,"5":0,"6":4},"b":{"0":[2,18],"1":[20,18],"2":[132,64],"3":[28,104],"4":[56,76],"5":[68,64],"6":[182,14],"7":[4,10],"8":[4,6],"9":[0,0],"10":[0,0],"11":[0,0],"12":[0,0],"13":[0,0],"14":[0,0],"15":[2,2],"16":[0,0]},"meta":{"lastBranch":17,"lastFunction":7,"lastStatement":83,"seen":{"s:133:22:133:Infinity":0,"s:134:38:134:Infinity":1,"s:135:25:135:Infinity":2,"s:136:33:140:Infinity":3,"s:141:25:144:Infinity":4,"s:145:23:145:Infinity":5,"s:147:28:147:Infinity":6,"s:148:28:148:Infinity":7,"s:149:26:149:Infinity":8,"s:150:29:155:Infinity":9,"s:156:29:158:Infinity":10,"s:159:26:161:Infinity":11,"s:162:33:164:Infinity":12,"s:165:25:165:Infinity":13,"s:167:27:170:Infinity":14,"s:172:30:174:Infinity":15,"s:176:28:179:Infinity":16,"s:181:33:196:Infinity":17,"s:198:33:219:Infinity":18,"s:221:32:227:Infinity":19,"s:229:34:236:Infinity":20,"s:238:29:249:Infinity":21,"s:251:40:256:Infinity":22,"s:258:33:263:Infinity":23,"s:265:29:272:Infinity":24,"s:274:27:279:Infinity":25,"s:281:34:285:Infinity":26,"s:287:25:307:Infinity":27,"s:309:25:316:Infinity":28,"s:318:37:325:Infinity":29,"s:327:37:333:Infinity":30,"s:335:29:341:Infinity":31,"s:343:27:345:Infinity":32,"s:347:29:349:Infinity":33,"s:351:28:353:Infinity":34,"s:355:26:357:Infinity":35,"s:359:28:361:Infinity":36,"s:363:34:366:Infinity":37,"s:368:26:370:Infinity":38,"s:372:25:375:Infinity":39,"s:377:36:379:Infinity":40,"s:381:32:384:Infinity":41,"s:386:50:1650:Infinity":42,"s:1652:20:1657:Infinity":43,"f:1653:21:1653:22":0,"s:1653:35:1656:3":44,"f:1659:16:1659:37":1,"s:1660:2:1660:Infinity":45,"f:1663:16:1663:Infinity":2,"s:1667:2:1667:Infinity":46,"f:1670:16:1670:Infinity":3,"s:1675:19:1675:Infinity":47,"b:1676:2:1678:Infinity:undefined:undefined:undefined:undefined":0,"s:1676:2:1678:Infinity":48,"b:1676:6:1676:19:1676:19:1676:54":1,"s:1677:4:1677:Infinity":49,"s:1680:2:1680:Infinity":50,"f:1683:9:1683:Infinity":4,"s:1687:25:1687:Infinity":51,"s:1688:27:1704:Infinity":52,"b:1689:6:1703:Infinity:1704:6:1704:Infinity":2,"b:1690:38:1690:76:1690:76:1690:Infinity":3,"b:1691:37:1691:73:1691:73:1691:Infinity":4,"b:1693:12:1701:Infinity:1702:12:1702:Infinity":5,"b:1706:2:1725:Infinity:undefined:undefined:undefined:undefined":6,"s:1706:2:1725:Infinity":53,"s:1707:4:1723:Infinity":54,"s:1724:4:1724:Infinity":55,"b:1727:2:1741:Infinity:undefined:undefined:undefined:undefined":7,"s:1727:2:1741:Infinity":56,"s:1728:4:1739:Infinity":57,"s:1740:4:1740:Infinity":58,"s:1743:2:1763:Infinity":59,"b:1757:54:1757:65:1757:65:1757:Infinity":8,"s:1767:2:1767:Infinity":60,"f:1769:9:1769:40":5,"s:1770:57:1770:Infinity":61,"s:1772:2:1809:Infinity":62,"s:1773:27:1773:Infinity":63,"s:1774:19:1774:Infinity":64,"s:1775:25:1775:Infinity":65,"b:1775:25:1775:50:1775:50:1775:Infinity":9,"s:1776:24:1784:Infinity":66,"b:1777:8:1783:Infinity:1784:8:1784:Infinity":10,"s:1787:6:1795:Infinity":67,"b:1788:10:1788:Infinity:1789:10:1795:Infinity":11,"b:1790:12:1790:Infinity:1791:12:1795:Infinity":12,"s:1797:4:1807:Infinity":68,"b:1800:24:1800:42:1800:42:1800:Infinity":13,"b:1804:32:1804:63:1804:63:1804:Infinity":14,"s:1808:4:1808:Infinity":69,"s:1811:2:1820:Infinity":70,"f:1823:16:1823:89":6,"b:1824:2:1826:Infinity:undefined:undefined:undefined:undefined":15,"s:1824:2:1826:Infinity":71,"s:1825:4:1825:Infinity":72,"s:1828:19:1828:Infinity":73,"s:1829:2:1831:Infinity":74,"s:1830:4:1830:Infinity":75,"s:1833:2:1851:Infinity":76,"s:1834:22:1834:Infinity":77,"s:1835:4:1843:Infinity":78,"b:1845:4:1850:Infinity:1848:11:1850:Infinity":16,"s:1845:4:1850:Infinity":79,"s:1846:6:1847:Infinity":80,"s:1849:6:1849:Infinity":81,"s:1853:2:1853:Infinity":82}}}
,"/Users/guilhermevarela/Documents/Projetos/Produção/PokerMarketing-Agency/server/services/upload-service.ts": {"path":"/Users/guilhermevarela/Documents/Projetos/Produção/PokerMarketing-Agency/server/services/upload-service.ts","statementMap":{"0":{"start":{"line":10,"column":22},"end":{"line":10,"column":null}},"1":{"start":{"line":19,"column":2},"end":{"line":21,"column":null}},"2":{"start":{"line":20,"column":4},"end":{"line":20,"column":null}},"3":{"start":{"line":24,"column":2},"end":{"line":28,"column":null}},"4":{"start":{"line":25,"column":4},"end":{"line":25,"column":null}},"5":{"start":{"line":27,"column":4},"end":{"line":27,"column":null}},"6":{"start":{"line":30,"column":2},"end":{"line":37,"column":null}},"7":{"start":{"line":34,"column":18},"end":{"line":34,"column":null}},"8":{"start":{"line":35,"column":4},"end":{"line":35,"column":null}},"9":{"start":{"line":36,"column":4},"end":{"line":36,"column":null}},"10":{"start":{"line":39,"column":19},"end":{"line":39,"column":null}},"11":{"start":{"line":40,"column":2},"end":{"line":47,"column":null}},"12":{"start":{"line":41,"column":4},"end":{"line":46,"column":null}},"13":{"start":{"line":49,"column":42},"end":{"line":55,"column":null}},"14":{"start":{"line":57,"column":15},"end":{"line":57,"column":null}},"15":{"start":{"line":58,"column":2},"end":{"line":72,"column":null}},"16":{"start":{"line":59,"column":26},"end":{"line":62,"column":null}},"17":{"start":{"line":63,"column":18},"end":{"line":63,"column":null}},"18":{"start":{"line":64,"column":18},"end":{"line":64,"column":null}},"19":{"start":{"line":65,"column":16},"end":{"line":67,"column":null}},"20":{"start":{"line":69,"column":4},"end":{"line":69,"column":null}},"21":{"start":{"line":70,"column":4},"end":{"line":70,"column":null}},"22":{"start":{"line":71,"column":4},"end":{"line":71,"column":null}},"23":{"start":{"line":74,"column":15},"end":{"line":74,"column":null}},"24":{"start":{"line":75,"column":2},"end":{"line":75,"column":null}},"25":{"start":{"line":92,"column":2},"end":{"line":94,"column":null}},"26":{"start":{"line":93,"column":4},"end":{"line":93,"column":null}},"27":{"start":{"line":96,"column":2},"end":{"line":102,"column":null}},"28":{"start":{"line":97,"column":4},"end":{"line":97,"column":null}},"29":{"start":{"line":99,"column":4},"end":{"line":101,"column":null}},"30":{"start":{"line":104,"column":17},"end":{"line":104,"column":null}},"31":{"start":{"line":105,"column":2},"end":{"line":109,"column":null}},"32":{"start":{"line":106,"column":4},"end":{"line":108,"column":null}},"33":{"start":{"line":111,"column":25},"end":{"line":111,"column":null}},"34":{"start":{"line":113,"column":2},"end":{"line":117,"column":null}},"35":{"start":{"line":118,"column":22},"end":{"line":118,"column":null}},"36":{"start":{"line":120,"column":15},"end":{"line":123,"column":null}},"37":{"start":{"line":125,"column":2},"end":{"line":125,"column":null}},"38":{"start":{"line":127,"column":2},"end":{"line":132,"column":null}}},"fnMap":{"0":{"name":"proxyBlobVideo","decl":{"start":{"line":18,"column":22},"end":{"line":18,"column":37}},"loc":{"start":{"line":18,"column":97},"end":{"line":76,"column":null}},"line":18},"1":{"name":"uploadBase64Asset","decl":{"start":{"line":91,"column":22},"end":{"line":91,"column":40}},"loc":{"start":{"line":91,"column":132},"end":{"line":133,"column":null}},"line":91}},"branchMap":{"0":{"loc":{"start":{"line":19,"column":2},"end":{"line":21,"column":null}},"type":"if","locations":[{"start":{"line":19,"column":2},"end":{"line":21,"column":null}},{"start":{},"end":{}}],"line":19},"1":{"loc":{"start":{"line":30,"column":2},"end":{"line":37,"column":null}},"type":"if","locations":[{"start":{"line":30,"column":2},"end":{"line":37,"column":null}},{"start":{},"end":{}}],"line":30},"2":{"loc":{"start":{"line":31,"column":4},"end":{"line":32,"column":null}},"type":"binary-expr","locations":[{"start":{"line":31,"column":4},"end":{"line":31,"column":null}},{"start":{"line":32,"column":4},"end":{"line":32,"column":null}}],"line":31},"3":{"loc":{"start":{"line":40,"column":2},"end":{"line":47,"column":null}},"type":"if","locations":[{"start":{"line":40,"column":2},"end":{"line":47,"column":null}},{"start":{},"end":{}}],"line":40},"4":{"loc":{"start":{"line":52,"column":20},"end":{"line":52,"column":null}},"type":"binary-expr","locations":[{"start":{"line":52,"column":20},"end":{"line":52,"column":60}},{"start":{"line":52,"column":60},"end":{"line":52,"column":null}}],"line":52},"5":{"loc":{"start":{"line":53,"column":22},"end":{"line":53,"column":null}},"type":"binary-expr","locations":[{"start":{"line":53,"column":22},"end":{"line":53,"column":64}},{"start":{"line":53,"column":64},"end":{"line":53,"column":null}}],"line":53},"6":{"loc":{"start":{"line":58,"column":2},"end":{"line":72,"column":null}},"type":"if","locations":[{"start":{"line":58,"column":2},"end":{"line":72,"column":null}},{"start":{},"end":{}}],"line":58},"7":{"loc":{"start":{"line":60,"column":6},"end":{"line":60,"column":null}},"type":"binary-expr","locations":[{"start":{"line":60,"column":6},"end":{"line":60,"column":48}},{"start":{"line":60,"column":48},"end":{"line":60,"column":null}}],"line":60},"8":{"loc":{"start":{"line":64,"column":34},"end":{"line":64,"column":51}},"type":"binary-expr","locations":[{"start":{"line":64,"column":34},"end":{"line":64,"column":46}},{"start":{"line":64,"column":46},"end":{"line":64,"column":51}}],"line":64},"9":{"loc":{"start":{"line":65,"column":16},"end":{"line":67,"column":null}},"type":"cond-expr","locations":[{"start":{"line":66,"column":8},"end":{"line":66,"column":null}},{"start":{"line":67,"column":8},"end":{"line":67,"column":null}}],"line":65},"10":{"loc":{"start":{"line":92,"column":2},"end":{"line":94,"column":null}},"type":"if","locations":[{"start":{"line":92,"column":2},"end":{"line":94,"column":null}},{"start":{},"end":{}}],"line":92},"11":{"loc":{"start":{"line":92,"column":6},"end":{"line":92,"column":42}},"type":"binary-expr","locations":[{"start":{"line":92,"column":6},"end":{"line":92,"column":19}},{"start":{"line":92,"column":19},"end":{"line":92,"column":35}},{"start":{"line":92,"column":35},"end":{"line":92,"column":42}}],"line":92},"12":{"loc":{"start":{"line":100,"column":6},"end":{"line":100,"column":null}},"type":"cond-expr","locations":[{"start":{"line":100,"column":31},"end":{"line":100,"column":47}},{"start":{"line":100,"column":47},"end":{"line":100,"column":null}}],"line":100},"13":{"loc":{"start":{"line":105,"column":2},"end":{"line":109,"column":null}},"type":"if","locations":[{"start":{"line":105,"column":2},"end":{"line":109,"column":null}},{"start":{},"end":{}}],"line":105}},"s":{"0":2,"1":3,"2":0,"3":3,"4":3,"5":1,"6":2,"7":1,"8":1,"9":1,"10":1,"11":1,"12":0,"13":1,"14":3,"15":3,"16":1,"17":1,"18":1,"19":1,"20":1,"21":1,"22":1,"23":1,"24":1,"25":19,"26":0,"27":19,"28":19,"29":12,"30":7,"31":7,"32":0,"33":7,"34":7,"35":7,"36":7,"37":7,"38":7},"f":{"0":3,"1":19},"b":{"0":[0,3],"1":[1,1],"2":[2,2],"3":[0,1],"4":[1,0],"5":[3,0],"6":[1,2],"7":[1,0],"8":[1,0],"9":[1,0],"10":[0,19],"11":[19,19,19],"12":[12,0],"13":[0,7]},"meta":{"lastBranch":14,"lastFunction":2,"lastStatement":39,"seen":{"s:10:22:10:Infinity":0,"f:18:22:18:37":0,"b:19:2:21:Infinity:undefined:undefined:undefined:undefined":0,"s:19:2:21:Infinity":1,"s:20:4:20:Infinity":2,"s:24:2:28:Infinity":3,"s:25:4:25:Infinity":4,"s:27:4:27:Infinity":5,"b:30:2:37:Infinity:undefined:undefined:undefined:undefined":1,"s:30:2:37:Infinity":6,"b:31:4:31:Infinity:32:4:32:Infinity":2,"s:34:18:34:Infinity":7,"s:35:4:35:Infinity":8,"s:36:4:36:Infinity":9,"s:39:19:39:Infinity":10,"b:40:2:47:Infinity:undefined:undefined:undefined:undefined":3,"s:40:2:47:Infinity":11,"s:41:4:46:Infinity":12,"s:49:42:55:Infinity":13,"b:52:20:52:60:52:60:52:Infinity":4,"b:53:22:53:64:53:64:53:Infinity":5,"s:57:15:57:Infinity":14,"b:58:2:72:Infinity:undefined:undefined:undefined:undefined":6,"s:58:2:72:Infinity":15,"s:59:26:62:Infinity":16,"b:60:6:60:48:60:48:60:Infinity":7,"s:63:18:63:Infinity":17,"s:64:18:64:Infinity":18,"b:64:34:64:46:64:46:64:51":8,"s:65:16:67:Infinity":19,"b:66:8:66:Infinity:67:8:67:Infinity":9,"s:69:4:69:Infinity":20,"s:70:4:70:Infinity":21,"s:71:4:71:Infinity":22,"s:74:15:74:Infinity":23,"s:75:2:75:Infinity":24,"f:91:22:91:40":1,"b:92:2:94:Infinity:undefined:undefined:undefined:undefined":10,"s:92:2:94:Infinity":25,"b:92:6:92:19:92:19:92:35:92:35:92:42":11,"s:93:4:93:Infinity":26,"s:96:2:102:Infinity":27,"s:97:4:97:Infinity":28,"s:99:4:101:Infinity":29,"b:100:31:100:47:100:47:100:Infinity":12,"s:104:17:104:Infinity":30,"b:105:2:109:Infinity:undefined:undefined:undefined:undefined":13,"s:105:2:109:Infinity":31,"s:106:4:108:Infinity":32,"s:111:25:111:Infinity":33,"s:113:2:117:Infinity":34,"s:118:22:118:Infinity":35,"s:120:15:123:Infinity":36,"s:125:2:125:Infinity":37,"s:127:2:132:Infinity":38}}}
}
